<?xml version="1.0" encoding="UTF-8"?>
<testng-results total="3" passed="0" failed="0" skipped="3">
  <reporter-output>
  </reporter-output>
  <suite started-at="2019-06-24T23:27:55Z" name="Default suite" finished-at="2019-06-24T23:27:56Z" duration-ms="285">
    <groups>
    </groups>
    <test started-at="2019-06-24T23:27:55Z" name="Default test" finished-at="2019-06-24T23:27:56Z" duration-ms="285">
      <class name="com.walmart.qa.testdata.LoginPageTest">
        <test-method is-config="true" signature="setup()[pri:0, instance:com.walmart.qa.testdata.LoginPageTest@1dac5ef]" started-at="2019-06-24T18:27:56Z" name="setup" finished-at="2019-06-24T18:27:56Z" duration-ms="0" status="FAIL">
          <exception class="java.lang.NullPointerException">
            <full-stacktrace>
              <![CDATA[java.lang.NullPointerException
	at com.walmart.qa.base.TestBase.initialization(TestBase.java:34)
	at com.walmart.qa.testdata.LoginPageTest.setup(LoginPageTest.java:28)
	at java.base/jdk.internal.reflect.NativeMethodAccessorImpl.invoke0(Native Method)
	at java.base/jdk.internal.reflect.NativeMethodAccessorImpl.invoke(NativeMethodAccessorImpl.java:62)
	at java.base/jdk.internal.reflect.DelegatingMethodAccessorImpl.invoke(DelegatingMethodAccessorImpl.java:43)
	at java.base/java.lang.reflect.Method.invoke(Method.java:564)
	at org.testng.internal.MethodInvocationHelper.invokeMethod(MethodInvocationHelper.java:86)
	at org.testng.internal.Invoker.invokeConfigurationMethod(Invoker.java:514)
	at org.testng.internal.Invoker.invokeConfigurations(Invoker.java:215)
	at org.testng.internal.Invoker.invokeMethod(Invoker.java:589)
	at org.testng.internal.Invoker.invokeTestMethod(Invoker.java:820)
	at org.testng.internal.Invoker.invokeTestMethods(Invoker.java:1128)
	at org.testng.internal.TestMethodWorker.invokeTestMethods(TestMethodWorker.java:129)
	at org.testng.internal.TestMethodWorker.run(TestMethodWorker.java:112)
	at org.testng.TestRunner.privateRun(TestRunner.java:782)
	at org.testng.TestRunner.run(TestRunner.java:632)
	at org.testng.SuiteRunner.runTest(SuiteRunner.java:366)
	at org.testng.SuiteRunner.runSequentially(SuiteRunner.java:361)
	at org.testng.SuiteRunner.privateRun(SuiteRunner.java:319)
	at org.testng.SuiteRunner.run(SuiteRunner.java:268)
	at org.testng.SuiteRunnerWorker.runSuite(SuiteRunnerWorker.java:52)
	at org.testng.SuiteRunnerWorker.run(SuiteRunnerWorker.java:86)
	at org.testng.TestNG.runSuitesSequentially(TestNG.java:1244)
	at org.testng.TestNG.runSuitesLocally(TestNG.java:1169)
	at org.testng.TestNG.run(TestNG.java:1064)
	at org.testng.remote.AbstractRemoteTestNG.run(AbstractRemoteTestNG.java:132)
	at org.testng.remote.RemoteTestNG.initAndRun(RemoteTestNG.java:236)
	at org.testng.remote.RemoteTestNG.main(RemoteTestNG.java:81)
]]>
            </full-stacktrace>
          </exception> <!-- java.lang.NullPointerException -->
          <reporter-output>
          </reporter-output>
        </test-method> <!-- setup -->
        <test-method signature="loginPageTitleTest()[pri:1, instance:com.walmart.qa.testdata.LoginPageTest@1dac5ef]" started-at="2019-06-24T18:27:56Z" name="loginPageTitleTest" finished-at="2019-06-24T18:27:56Z" duration-ms="7" status="SKIP">
          <reporter-output>
          </reporter-output>
        </test-method> <!-- loginPageTitleTest -->
        <test-method is-config="true" signature="close()[pri:0, instance:com.walmart.qa.testdata.LoginPageTest@1dac5ef]" started-at="2019-06-24T18:27:56Z" name="close" finished-at="2019-06-24T18:27:56Z" duration-ms="0" status="SKIP">
          <reporter-output>
          </reporter-output>
        </test-method> <!-- close -->
        <test-method is-config="true" signature="setup()[pri:0, instance:com.walmart.qa.testdata.LoginPageTest@1dac5ef]" started-at="2019-06-24T18:27:56Z" name="setup" finished-at="2019-06-24T18:27:56Z" duration-ms="0" status="SKIP">
          <reporter-output>
          </reporter-output>
        </test-method> <!-- setup -->
        <test-method signature="loginTest()[pri:2, instance:com.walmart.qa.testdata.LoginPageTest@1dac5ef]" started-at="2019-06-24T18:27:56Z" name="loginTest" finished-at="2019-06-24T18:27:56Z" duration-ms="2" status="SKIP">
          <reporter-output>
          </reporter-output>
        </test-method> <!-- loginTest -->
        <test-method is-config="true" signature="close()[pri:0, instance:com.walmart.qa.testdata.LoginPageTest@1dac5ef]" started-at="2019-06-24T18:27:56Z" name="close" finished-at="2019-06-24T18:27:56Z" duration-ms="0" status="SKIP">
          <reporter-output>
          </reporter-output>
        </test-method> <!-- close -->
        <test-method is-config="true" signature="setup()[pri:0, instance:com.walmart.qa.testdata.LoginPageTest@1dac5ef]" started-at="2019-06-24T18:27:56Z" name="setup" finished-at="2019-06-24T18:27:56Z" duration-ms="0" status="SKIP">
          <reporter-output>
          </reporter-output>
        </test-method> <!-- setup -->
        <test-method signature="close()[pri:3, instance:com.walmart.qa.testdata.LoginPageTest@1dac5ef]" started-at="2019-06-24T18:27:56Z" name="close" finished-at="2019-06-24T18:27:56Z" duration-ms="6" status="SKIP">
          <reporter-output>
          </reporter-output>
        </test-method> <!-- close -->
        <test-method is-config="true" signature="close()[pri:0, instance:com.walmart.qa.testdata.LoginPageTest@1dac5ef]" started-at="2019-06-24T18:27:56Z" name="close" finished-at="2019-06-24T18:27:56Z" duration-ms="0" status="SKIP">
          <reporter-output>
          </reporter-output>
        </test-method> <!-- close -->
      </class> <!-- com.walmart.qa.testdata.LoginPageTest -->
    </test> <!-- Default test -->
  </suite> <!-- Default suite -->
</testng-results>
